  Application.cpp
  Button.cpp
  Card.cpp
  CardNode.cpp
  Computer.cpp
  Dice.cpp
  Figure.cpp
  Game.cpp
  Knight.cpp
  main.cpp
  City.cpp
  Clay.cpp
  Component.cpp
  HexaManage.cpp
  Label.cpp
  Land.cpp
  LinkedList.cpp
  Match.cpp
  Mineral.cpp
  Node.cpp
  Generating Code...
  Compiling...
  Player.cpp
  Program.cpp
  Progress.cpp
  Road.cpp
  Stack.cpp
  Town.cpp
  VictoryPoints.cpp
  Wheat.cpp
  Window.cpp
  Wood.cpp
  Wool.cpp
  Generating Code...
  Catan.vcxproj -> C:\Users\DanyG\Desktop\repos\Catan\x64\Debug\Catan.exe
