c:\users\lic. dilan sancho\desktop\catan\proyecto_catan_vsm\x64\debug\vc143.pdb
c:\users\lic. dilan sancho\desktop\catan\proyecto_catan_vsm\x64\debug\vc143.idb
c:\users\lic. dilan sancho\desktop\catan\proyecto_catan_vsm\x64\debug\wool.obj
c:\users\lic. dilan sancho\desktop\catan\proyecto_catan_vsm\x64\debug\wood.obj
c:\users\lic. dilan sancho\desktop\catan\proyecto_catan_vsm\x64\debug\wheat.obj
c:\users\lic. dilan sancho\desktop\catan\proyecto_catan_vsm\x64\debug\town.obj
c:\users\lic. dilan sancho\desktop\catan\proyecto_catan_vsm\x64\debug\stack.obj
c:\users\lic. dilan sancho\desktop\catan\proyecto_catan_vsm\x64\debug\proyecto_catan_vsm.obj
c:\users\lic. dilan sancho\desktop\catan\proyecto_catan_vsm\x64\debug\program.obj
c:\users\lic. dilan sancho\desktop\catan\proyecto_catan_vsm\x64\debug\player.obj
c:\users\lic. dilan sancho\desktop\catan\proyecto_catan_vsm\x64\debug\node.obj
c:\users\lic. dilan sancho\desktop\catan\proyecto_catan_vsm\x64\debug\mineral.obj
c:\users\lic. dilan sancho\desktop\catan\proyecto_catan_vsm\x64\debug\linkedlist.obj
c:\users\lic. dilan sancho\desktop\catan\proyecto_catan_vsm\x64\debug\land.obj
c:\users\lic. dilan sancho\desktop\catan\proyecto_catan_vsm\x64\debug\label.obj
c:\users\lic. dilan sancho\desktop\catan\proyecto_catan_vsm\x64\debug\hexamanage.obj
c:\users\lic. dilan sancho\desktop\catan\proyecto_catan_vsm\x64\debug\component.obj
c:\users\lic. dilan sancho\desktop\catan\proyecto_catan_vsm\x64\debug\clay.obj
c:\users\lic. dilan sancho\desktop\catan\proyecto_catan_vsm\x64\debug\city.obj
c:\users\lic. dilan sancho\desktop\catan\proyecto_catan_vsm\x64\debug\cardnode.obj
c:\users\lic. dilan sancho\desktop\catan\proyecto_catan_vsm\x64\debug\card.obj
c:\users\lic. dilan sancho\desktop\catan\proyecto_catan_vsm\x64\debug\proyecto.d0033a20.tlog\cl.command.1.tlog
c:\users\lic. dilan sancho\desktop\catan\proyecto_catan_vsm\x64\debug\proyecto.d0033a20.tlog\cl.read.1.tlog
c:\users\lic. dilan sancho\desktop\catan\proyecto_catan_vsm\x64\debug\proyecto.d0033a20.tlog\cl.write.1.tlog
